Arguments: 
  C:\Program Files\nodejs\node.exe C:\Users\Laptop-Long\AppData\Roaming\npm\node_modules\yarn\bin\yarn.js

PATH: 
  C:\Program Files\Common Files\Oracle\Java\javapath;C:\WINDOWS\system32;C:\WINDOWS;C:\WINDOWS\System32\Wbem;C:\WINDOWS\System32\WindowsPowerShell\v1.0\;C:\WINDOWS\System32\OpenSSH\;C:\Program Files\Git\cmd;C:\Program Files\Microsoft SQL Server\Client SDK\ODBC\170\Tools\Binn\;C:\Program Files\Microsoft SQL Server\150\Tools\Binn\;C:\Program Files\dotnet\;C:\Program Files (x86)\Microsoft SQL Server\150\DTS\Binn\;C:\Program Files\Microsoft SQL Server\150\DTS\Binn\;C:\Program Files (x86)\Microsoft SQL Server\150\Tools\Binn\;C:\Program Files (x86)\Windows Kits\10\Windows Performance Toolkit\;C:\Program Files\Microsoft SQL Server\120\Tools\Binn\;C:\Program Files\Common Files\Autodesk Shared\;C:\Program Files\Java\jdk-17\bin;C:\Program Files\MySQL\MySQL Server 8.0\bin;C:\Users\Laptop-Long\AppData\Roaming\nvm;C:\Program Files\nodejs;C:\Users\Laptop-Long\AppData\Local\Microsoft\WindowsApps;C:\Users\Laptop-Long\AppData\Local\Programs\Microsoft VS Code\bin;C:\Users\Laptop-Long\.dotnet\tools;C:\Program Files\Azure Data Studio\bin;D:\flutter\bin;C:\Program Files\Java\jdk-18.0.2.1\bin;C:\Users\Laptop-Long\AppData\Local\gitkraken\bin;C:\Users\Laptop-Long\AppData\Local\Microsoft\WindowsApps;C:\Users\Laptop-Long\AppData\Roaming\npm;C:\Users\Laptop-Long\AppData\Roaming\nvm;C:\Program Files\nodejs

Yarn version: 
  1.22.19

Node version: 
  16.10.0

Platform: 
  win32 x64

Trace: 
  SyntaxError: D:\shop_shoes\shop_shoes\rest-api\package.json: Unexpected token } in JSON at position 1113
      at JSON.parse (<anonymous>)
      at C:\Users\Laptop-Long\AppData\Roaming\npm\node_modules\yarn\lib\cli.js:1629:59
      at Generator.next (<anonymous>)
      at step (C:\Users\Laptop-Long\AppData\Roaming\npm\node_modules\yarn\lib\cli.js:310:30)
      at C:\Users\Laptop-Long\AppData\Roaming\npm\node_modules\yarn\lib\cli.js:321:13

npm manifest: 
  {
    "name": "api_shop_shoes",
    "version": "1.0.0",
    "description": "rest api shop shoes",
    "main": "app.js",
    "scripts": {
      "dev": "nodemon --exec ts-node src/app.ts"
    },
    "keywords": [
      "REST",
      "API"
    ],
    "author": "longpt",
    "license": "MIT",
    "devDependencies": {
      "@types/bcrypt": "^5.0.2",
      "@types/cookie-parser": "^1.4.7",
      "@types/cors": "^2.8.17",
      "@types/express": "^4.17.21",
      "@types/jsonwebtoken": "^9.0.6",
      "@types/multer": "^1.4.11",
      "@types/mysql": "^2.15.26",
      "@types/node": "^20.14.2",
      "@types/redis": "^4.0.11",
      "@types/sequelize": "^4.28.20",
      "nodemon": "^3.1.3",
      "ts-node": "^10.9.2",
      "typescript": "^5.4.5"
    },
    "dependencies": {
      "body-parser": "^1.20.2",
      "cookie-parser": "^1.4.6",
      "cors": "^2.8.5",
      "dotenv": "^16.4.5",
      "express": "^4.19.2",
      "ioredis": "^5.4.1",
      "jsonwebtoken": "^9.0.2",
      "multer": "^1.4.5-lts.1",
      "mysql": "^2.18.1",
      "mysql2": "^3.10.1",
      "redis": "^4.6.14",
      "sequelize": "^6.37.3",
      "sequelize-cli": "^6.6.2",
      "sequelize-typescript": "^2.1.6",
    }
  }

yarn manifest: 
  No manifest

Lockfile: 
  No lockfile
